Arguments: 
  /home/kitteric-jenna/.nvm/versions/node/v10.16.3/bin/node /home/kitteric-jenna/.nvm/versions/node/v10.16.3/bin/yarn init

PATH: 
  /home/kitteric-jenna/.cargo/bin:/home/kitteric-jenna/.local/bin:/opt/GitHub Desktop:/home/kitteric-jenna/.nvm/versions/node/v10.16.3/bin:/home/kitteric-jenna/.cargo/bin:/home/kitteric-jenna/.local/bin:/opt/GitHub Desktop:/usr/local/sbin:/usr/local/bin:/usr/sbin:/usr/bin:/sbin:/bin:/usr/games:/usr/local/games:/snap/bin:/home/kitteric-jenna/.fzf/bin

Yarn version: 
  1.22.10

Node version: 
  10.16.3

Platform: 
  linux x64

Trace: 
  Error: canceled
      at Interface.<anonymous> (/home/kitteric-jenna/.nvm/versions/node/v10.16.3/lib/node_modules/yarn/lib/cli.js:136216:13)
      at Interface.emit (events.js:198:13)
      at Interface._ttyWrite (readline.js:801:16)
      at ReadStream.onkeypress (readline.js:184:10)
      at ReadStream.emit (events.js:198:13)
      at emitKeys (internal/readline.js:424:14)
      at emitKeys.next (<anonymous>)
      at ReadStream.onData (readline.js:1075:36)
      at ReadStream.emit (events.js:198:13)
      at addChunk (_stream_readable.js:288:12)

npm manifest: 
  No manifest

yarn manifest: 
  No manifest

Lockfile: 
  No lockfile
